-------------------------------------------------------------------------------
Test set: runners.RunCucumberTest
-------------------------------------------------------------------------------
Tests run: 1, Failures: 0, Errors: 1, Skipped: 0, Time elapsed: 0.179 s <<< FAILURE! - in runners.RunCucumberTest
runners.RunCucumberTest.initializationError  Time elapsed: 0.007 s  <<< ERROR!
java.lang.IllegalArgumentException: path must exist: C:\Users\admin\Documents\Cucumber4\src\test\resources\features

